#
# A fatal error has been detected by the Java Runtime Environment:
#
#  SIGSEGV (0xb) at pc=0x00000001039fb373, pid=3186, tid=14851
#
# JRE version: Java(TM) SE Runtime Environment (10.0.1+10) (build 10.0.1+10)
# Java VM: Java HotSpot(TM) 64-Bit Server VM (10.0.1+10, mixed mode, tiered, compressed oops, g1 gc, bsd-amd64)
# Problematic frame:
# V  [libjvm.dylib+0x5fb373]  MethodData::clean_weak_method_links()+0x3d
#
# No core dump will be written. Core dumps have been disabled. To enable core dumping, try "ulimit -c unlimited" before starting Java again
#
# If you would like to submit a bug report, please visit:
#   http://bugreport.java.com/bugreport/crash.jsp
#

---------------  S U M M A R Y ------------

Command Line: -agentlib:jdwp=transport=dt_socket,suspend=y,address=localhost:56171 -ea -javaagent:/Users/munachimsoogochukwu/eclipse/java-photon/Eclipse.app/Contents/Eclipse/configuration/org.eclipse.osgi/231/0/.cp/lib/javaagent-shaded.jar -Dfile.encoding=UTF-8 org.eclipse.jdt.internal.junit.runner.RemoteTestRunner -version 3 -port 56170 -testLoaderClass org.eclipse.jdt.internal.junit4.runner.JUnit4TestLoader -loaderpluginname org.eclipse.jdt.junit4.runtime -classNames poker.StudentTests

Host: MacBookPro14,1 x86_64 2300 MHz, 4 cores, 8G, Darwin 18.0.0
Time: Mon Nov  5 19:39:25 2018 EST elapsed time: 1704 seconds (0d 0h 28m 24s)

---------------  T H R E A D  ---------------

Current thread (0x00007f9af8033000):  VMThread "VM Thread" [stack: 0x0000700010c05000,0x0000700010d05000] [id=14851]

Stack: [0x0000700010c05000,0x0000700010d05000],  sp=0x0000700010d049c0,  free space=1022k
Native frames: (J=compiled Java code, A=aot compiled Java code, j=interpreted, Vv=VM code, C=native code)
V  [libjvm.dylib+0x5fb373]  MethodData::clean_weak_method_links()+0x3d
V  [libjvm.dylib+0x4e5621]  VM_RedefineClasses::MethodDataCleaner::do_klass(Klass*)+0x31
V  [libjvm.dylib+0x21b986]  ClassLoaderDataGraph::classes_do(KlassClosure*)+0x30
V  [libjvm.dylib+0x4e0b29]  VM_RedefineClasses::doit()+0x99
V  [libjvm.dylib+0x7a38d9]  VM_Operation::evaluate()+0xf1
V  [libjvm.dylib+0x7a2dc2]  VMThread::evaluate_operation(VM_Operation*)+0xd4
V  [libjvm.dylib+0x7a2a76]  VMThread::loop()+0x340
V  [libjvm.dylib+0x7a2649]  VMThread::run()+0x75
V  [libjvm.dylib+0x633a5f]  thread_native_entry(Thread*)+0x12b
C  [libsystem_pthread.dylib+0x333d]  _pthread_body+0x7e
C  [libsystem_pthread.dylib+0x62a7]  _pthread_start+0x46
C  [libsystem_pthread.dylib+0x2425]  thread_start+0xd


siginfo: si_signo: 11 (SIGSEGV), si_code: 1 (SEGV_MAPERR), si_addr: 0x0000000000000154

Register to memory mapping:

RAX=0x00000000000083b0 is an unknown value
RBX=0x00000001083c8758 is pointing into metadata
RCX=0x00007f9af911fa00 is an unknown value
RDX=0x0000000000000000 is an unknown value
RSP=0x0000700010d049c0 is an unknown value
RBP=0x0000700010d04a00 is an unknown value
RSI=0x00000007c00e8df8 is pointing into metadata
RDI=0x0000000103d987a8: _ZN6Thread12_thr_currentE+0 in /Library/Java/JavaVirtualMachines/jdk-10.0.1.jdk/Contents/Home/lib/server/libjvm.dylib at 0x0000000103400000
R8 =0x0000000103dbd6a0: _ZN2os16_processor_countE+0 in /Library/Java/JavaVirtualMachines/jdk-10.0.1.jdk/Contents/Home/lib/server/libjvm.dylib at 0x0000000103400000
R9 =0x0000000000000000 is an unknown value
R10=0x0000000103d5d250: AssumeMP+0 in /Library/Java/JavaVirtualMachines/jdk-10.0.1.jdk/Contents/Home/lib/server/libjvm.dylib at 0x0000000103400000
R11=0x00000f9ae6b00991 is an unknown value
R12=0x0000000000000018 is an unknown value
R13=0x000070001151ca50 is pointing into the stack for thread: 0x00007f9af880c000
R14=0x000000000000002c is an unknown value
R15=0x00007f9af751c8d0 is an unknown value


Registers:
RAX=0x00000000000083b0, RBX=0x00000001083c8758, RCX=0x00007f9af911fa00, RDX=0x0000000000000000
RSP=0x0000700010d049c0, RBP=0x0000700010d04a00, RSI=0x00000007c00e8df8, RDI=0x0000000103d987a8
R8 =0x0000000103dbd6a0, R9 =0x0000000000000000, R10=0x0000000103d5d250, R11=0x00000f9ae6b00991
R12=0x0000000000000018, R13=0x000070001151ca50, R14=0x000000000000002c, R15=0x00007f9af751c8d0
RIP=0x00000001039fb373, EFLAGS=0x0000000000010206, ERR=0x0000000000000004
  TRAPNO=0x000000000000000e

Top of Stack: (sp=0x0000700010d049c0)
0x0000700010d049c0:   0000000d000001b0 00007f9af7610f00
0x0000700010d049d0:   00007f9af911fa00 00007f9af91235e0
0x0000700010d049e0:   00007f9af91279e8 00000000000083b0
0x0000700010d049f0:   00000001083c8758 0000000000000001
0x0000700010d04a00:   0000700010d04a20 00000001038e5621
0x0000700010d04a10:   00000007c00e8df8 0000700010d04a78
0x0000700010d04a20:   0000700010d04a50 000000010361b986
0x0000700010d04a30:   0000000103d3cae0 0000000000000001
0x0000700010d04a40:   00007f9af8033000 000070001151ca50
0x0000700010d04a50:   0000700010d04ae0 00000001038e0b29
0x0000700010d04a60:   0000700010d04a00 0000000103b530a8
0x0000700010d04a70:   0000000103c31773 0000000103d3cae0
0x0000700010d04a80:   00007f9af8033000 00007f9af7610f30
0x0000700010d04a90:   00007f9af7610f70 00007f9af7610f80
0x0000700010d04aa0:   00007f9af7611058 00000000000000d8
0x0000700010d04ab0:   0000700010d04ce0 00007f9af75093b0
0x0000700010d04ac0:   000070001151ca50 1bf4279dcd7600df
0x0000700010d04ad0:   0000000103c129d4 000000000000000f
0x0000700010d04ae0:   0000700010d04bf0 0000000103ba38d9
0x0000700010d04af0:   0000700010d04d00 00007f9af7610f00
0x0000700010d04b00:   00007f9af7438480 00007f9af7438490
0x0000700010d04b10:   00007f9af7438868 00000000000003d8
0x0000700010d04b20:   0000000000000000 0000000000000000
0x0000700010d04b30:   0000000000000000 0000000000000000
0x0000700010d04b40:   0000000000000000 0000000000000000
0x0000700010d04b50:   0000000000000000 1bf4279dcd760000
0x0000700010d04b60:   0000000000000000 0000000000000000
0x0000700010d04b70:   0000700010d04d30 0000000103d97430
0x0000700010d04b80:   0000700010d04b00 0000000000000000
0x0000700010d04b90:   0000000000000000 0000700010d04bd0
0x0000700010d04ba0:   0000700010d04ae0 0000000103853c38
0x0000700010d04bb0:   0000700010d04bc0 0000000103a33cd7 

Instructions: (pc=0x00000001039fb373)
0x00000001039fb353:   a0 01 00 00 48 89 45 c8 48 8b 48 10 48 89 4d d0
0x00000001039fb363:   0f 10 40 18 0f 11 45 d8 48 8b 40 28 48 89 45 e8
0x00000001039fb373:   41 83 be 28 01 00 00 00 7e 2d 49 8d be 30 01 00
0x00000001039fb383:   00 e8 95 c0 ff ff eb 17 48 8b 03 48 89 df ff 90 

VM_Operation (0x000070001151ca50): RedefineClasses, mode: safepoint, requested by thread 0x00007f9af880c000, redefining class poker.StudentTests



---------------  P R O C E S S  ---------------

Threads class SMR info:
_java_thread_list=0x00007f9af754ef80, length=14, elements={
0x00007f9af800a800, 0x00007f9af803f000, 0x00007f9af803f800, 0x00007f9af781f800,
0x00007f9af9099000, 0x00007f9af909c000, 0x00007f9af7822800, 0x00007f9af7823800,
0x00007f9af880c000, 0x00007f9af880b000, 0x00007f9af880f000, 0x00007f9af80b0800,
0x00007f9af888d800, 0x00007f9af91f9800
}

Java Threads: ( => current thread )
  0x00007f9af800a800 JavaThread "main" [_thread_blocked, id=9219, stack(0x000070000ffe1000,0x00007000100e1000)]
  0x00007f9af803f000 JavaThread "Reference Handler" daemon [_thread_blocked, id=15363, stack(0x0000700010d08000,0x0000700010e08000)]
  0x00007f9af803f800 JavaThread "Finalizer" daemon [_thread_blocked, id=17411, stack(0x0000700010e0b000,0x0000700010f0b000)]
  0x00007f9af781f800 JavaThread "Signal Dispatcher" daemon [_thread_blocked, id=22787, stack(0x0000700010f0e000,0x000070001100e000)]
  0x00007f9af9099000 JavaThread "C2 CompilerThread0" daemon [_thread_blocked, id=43011, stack(0x0000700011011000,0x0000700011111000)]
  0x00007f9af909c000 JavaThread "C2 CompilerThread1" daemon [_thread_blocked, id=23299, stack(0x0000700011114000,0x0000700011214000)]
  0x00007f9af7822800 JavaThread "C1 CompilerThread2" daemon [_thread_blocked, id=23811, stack(0x0000700011217000,0x0000700011317000)]
  0x00007f9af7823800 JavaThread "Sweeper thread" daemon [_thread_blocked, id=24323, stack(0x000070001131a000,0x000070001141a000)]
  0x00007f9af880c000 JavaThread "JDWP Transport Listener: dt_socket" daemon [_thread_blocked, id=24835, stack(0x000070001141d000,0x000070001151d000)]
  0x00007f9af880b000 JavaThread "JDWP Event Helper Thread" daemon [_thread_blocked, id=25091, stack(0x0000700011520000,0x0000700011620000)]
  0x00007f9af880f000 JavaThread "JDWP Command Reader" daemon [_thread_in_native, id=25603, stack(0x0000700011623000,0x0000700011723000)]
  0x00007f9af80b0800 JavaThread "Common-Cleaner" daemon [_thread_blocked, id=26115, stack(0x0000700011726000,0x0000700011826000)]
  0x00007f9af888d800 JavaThread "Service Thread" daemon [_thread_blocked, id=40195, stack(0x0000700011829000,0x0000700011929000)]
  0x00007f9af91f9800 JavaThread "ReaderThread" [_thread_in_native, id=39171, stack(0x0000700011a2f000,0x0000700011b2f000)]

Other Threads:
=>0x00007f9af8033000 VMThread "VM Thread" [stack: 0x0000700010c05000,0x0000700010d05000] [id=14851]
  0x00007f9af9001000 WatcherThread [stack: 0x000070001192c000,0x0000700011a2c000] [id=39939]
  0x00007f9af7805000 GCTaskThread "GC Thread#0" [stack: 0x00007000100e4000,0x00007000101e4000] [id=11779]
  0x00007f9af9003800 GCTaskThread "GC Thread#1" [stack: 0x00007000101e7000,0x00007000102e7000] [id=20995]
  0x00007f9af9004000 GCTaskThread "GC Thread#2" [stack: 0x00007000102ea000,0x00007000103ea000] [id=20483]
  0x00007f9af9005000 GCTaskThread "GC Thread#3" [stack: 0x00007000103ed000,0x00007000104ed000] [id=12035]
  0x00007f9af902e000 ConcurrentGCThread "G1 Main Marker" [stack: 0x00007000104f0000,0x00007000105f0000] [id=19715]
  0x00007f9af902e800 ConcurrentGCThread "G1 Conc#0" [stack: 0x00007000105f3000,0x00007000106f3000] [id=12547]
  0x00007f9af906f800 ConcurrentGCThread "G1 Refine#0" [stack: 0x00007000106f6000,0x00007000107f6000] [id=18947]
  0x00007f9af9070000 ConcurrentGCThread "G1 Refine#1" [stack: 0x00007000107f9000,0x00007000108f9000] [id=13315]
  0x00007f9af9071000 ConcurrentGCThread "G1 Refine#2" [stack: 0x00007000108fc000,0x00007000109fc000] [id=13571]
  0x00007f9af9071800 ConcurrentGCThread "G1 Refine#3" [stack: 0x00007000109ff000,0x0000700010aff000] [id=14083]
  0x00007f9af9072800 ConcurrentGCThread "G1 Young RemSet Sampling" [stack: 0x0000700010b02000,0x0000700010c02000] [id=14339]

Threads with active compile tasks:
C2 CompilerThread0 699       4       org.eclipse.jdt.launching.internal.org.objectweb.asm.ClassReader::readCode (5071 bytes)

VM state:at safepoint (normal execution)

VM Mutex/Monitor currently owned by a thread:  ([mutex/lock_event])
[0x00007f9af7509430] Threads_lock - owner thread: 0x00007f9af8033000

Heap address: 0x0000000740000000, size: 2048 MB, Compressed Oops mode: Zero based, Oop shift amount: 3
Narrow klass base: 0x0000000000000000, Narrow klass shift: 3
Compressed class space size: 1073741824 Address: 0x00000007c0000000

Heap:
 garbage-first heap   total 131072K, used 13312K [0x0000000740000000, 0x00000007c0000000)
  region size 1024K, 14 young (14336K), 0 survivors (0K)
 Metaspace       used 10796K, capacity 10892K, committed 11008K, reserved 1058816K
  class space    used 952K, capacity 989K, committed 1024K, reserved 1048576K
Heap Regions: E=young(eden), S=young(survivor), O=old, HS=humongous(starts), HC=humongous(continues), CS=collection set, F=free, A=archive, TS=gc time stamp, AC=allocation context, TAMS=top-at-mark-start (previous, next)
|   0|0x0000000740000000, 0x0000000740000000, 0x0000000740100000|  0%| F|  |TS  0|AC  0|TAMS 0x0000000740000000, 0x0000000740000000|
|   1|0x0000000740100000, 0x0000000740100000, 0x0000000740200000|  0%| F|  |TS  0|AC  0|TAMS 0x0000000740100000, 0x0000000740100000|
|   2|0x0000000740200000, 0x0000000740200000, 0x0000000740300000|  0%| F|  |TS  0|AC  0|TAMS 0x0000000740200000, 0x0000000740200000|
|   3|0x0000000740300000, 0x0000000740300000, 0x0000000740400000|  0%| F|  |TS  0|AC  0|TAMS 0x0000000740300000, 0x0000000740300000|
|   4|0x0000000740400000, 0x0000000740400000, 0x0000000740500000|  0%| F|  |TS  0|AC  0|TAMS 0x0000000740400000, 0x0000000740400000|
|   5|0x0000000740500000, 0x0000000740500000, 0x0000000740600000|  0%| F|  |TS  0|AC  0|TAMS 0x0000000740500000, 0x0000000740500000|
|   6|0x0000000740600000, 0x0000000740600000, 0x0000000740700000|  0%| F|  |TS  0|AC  0|TAMS 0x0000000740600000, 0x0000000740600000|
|   7|0x0000000740700000, 0x0000000740700000, 0x0000000740800000|  0%| F|  |TS  0|AC  0|TAMS 0x0000000740700000, 0x0000000740700000|
|   8|0x0000000740800000, 0x0000000740800000, 0x0000000740900000|  0%| F|  |TS  0|AC  0|TAMS 0x0000000740800000, 0x0000000740800000|
|   9|0x0000000740900000, 0x0000000740900000, 0x0000000740a00000|  0%| F|  |TS  0|AC  0|TAMS 0x0000000740900000, 0x0000000740900000|
|  10|0x0000000740a00000, 0x0000000740a00000, 0x0000000740b00000|  0%| F|  |TS  0|AC  0|TAMS 0x0000000740a00000, 0x0000000740a00000|
|  11|0x0000000740b00000, 0x0000000740b00000, 0x0000000740c00000|  0%| F|  |TS  0|AC  0|TAMS 0x0000000740b00000, 0x0000000740b00000|
|  12|0x0000000740c00000, 0x0000000740c00000, 0x0000000740d00000|  0%| F|  |TS  0|AC  0|TAMS 0x0000000740c00000, 0x0000000740c00000|
|  13|0x0000000740d00000, 0x0000000740d00000, 0x0000000740e00000|  0%| F|  |TS  0|AC  0|TAMS 0x0000000740d00000, 0x0000000740d00000|
|  14|0x0000000740e00000, 0x0000000740e00000, 0x0000000740f00000|  0%| F|  |TS  0|AC  0|TAMS 0x0000000740e00000, 0x0000000740e00000|
|  15|0x0000000740f00000, 0x0000000740f00000, 0x0000000741000000|  0%| F|  |TS  0|AC  0|TAMS 0x0000000740f00000, 0x0000000740f00000|
|  16|0x0000000741000000, 0x0000000741000000, 0x0000000741100000|  0%| F|  |TS  0|AC  0|TAMS 0x0000000741000000, 0x0000000741000000|
|  17|0x0000000741100000, 0x0000000741100000, 0x0000000741200000|  0%| F|  |TS  0|AC  0|TAMS 0x0000000741100000, 0x0000000741100000|
|  18|0x0000000741200000, 0x0000000741200000, 0x0000000741300000|  0%| F|  |TS  0|AC  0|TAMS 0x0000000741200000, 0x0000000741200000|
|  19|0x0000000741300000, 0x0000000741300000, 0x0000000741400000|  0%| F|  |TS  0|AC  0|TAMS 0x0000000741300000, 0x0000000741300000|
|  20|0x0000000741400000, 0x0000000741400000, 0x0000000741500000|  0%| F|  |TS  0|AC  0|TAMS 0x0000000741400000, 0x0000000741400000|
|  21|0x0000000741500000, 0x0000000741500000, 0x0000000741600000|  0%| F|  |TS  0|AC  0|TAMS 0x0000000741500000, 0x0000000741500000|
|  22|0x0000000741600000, 0x0000000741600000, 0x0000000741700000|  0%| F|  |TS  0|AC  0|TAMS 0x0000000741600000, 0x0000000741600000|
|  23|0x0000000741700000, 0x0000000741700000, 0x0000000741800000|  0%| F|  |TS  0|AC  0|TAMS 0x0000000741700000, 0x0000000741700000|
|  24|0x0000000741800000, 0x0000000741800000, 0x0000000741900000|  0%| F|  |TS  0|AC  0|TAMS 0x0000000741800000, 0x0000000741800000|
|  25|0x0000000741900000, 0x0000000741900000, 0x0000000741a00000|  0%| F|  |TS  0|AC  0|TAMS 0x0000000741900000, 0x0000000741900000|
|  26|0x0000000741a00000, 0x0000000741a00000, 0x0000000741b00000|  0%| F|  |TS  0|AC  0|TAMS 0x0000000741a00000, 0x0000000741a00000|
|  27|0x0000000741b00000, 0x0000000741b00000, 0x0000000741c00000|  0%| F|  |TS  0|AC  0|TAMS 0x0000000741b00000, 0x0000000741b00000|
|  28|0x0000000741c00000, 0x0000000741c00000, 0x0000000741d00000|  0%| F|  |TS  0|AC  0|TAMS 0x0000000741c00000, 0x0000000741c00000|
|  29|0x0000000741d00000, 0x0000000741d00000, 0x0000000741e00000|  0%| F|  |TS  0|AC  0|TAMS 0x0000000741d00000, 0x0000000741d00000|
|  30|0x0000000741e00000, 0x0000000741e00000, 0x0000000741f00000|  0%| F|  |TS  0|AC  0|TAMS 0x0000000741e00000, 0x0000000741e00000|
|  31|0x0000000741f00000, 0x0000000741f00000, 0x0000000742000000|  0%| F|  |TS  0|AC  0|TAMS 0x0000000741f00000, 0x0000000741f00000|
|  32|0x0000000742000000, 0x0000000742000000, 0x0000000742100000|  0%| F|  |TS  0|AC  0|TAMS 0x0000000742000000, 0x0000000742000000|
|  33|0x0000000742100000, 0x0000000742100000, 0x0000000742200000|  0%| F|  |TS  0|AC  0|TAMS 0x0000000742100000, 0x0000000742100000|
|  34|0x0000000742200000, 0x0000000742200000, 0x0000000742300000|  0%| F|  |TS  0|AC  0|TAMS 0x0000000742200000, 0x0000000742200000|
|  35|0x0000000742300000, 0x0000000742300000, 0x0000000742400000|  0%| F|  |TS  0|AC  0|TAMS 0x0000000742300000, 0x0000000742300000|
|  36|0x0000000742400000, 0x0000000742400000, 0x0000000742500000|  0%| F|  |TS  0|AC  0|TAMS 0x0000000742400000, 0x0000000742400000|
|  37|0x0000000742500000, 0x0000000742500000, 0x0000000742600000|  0%| F|  |TS  0|AC  0|TAMS 0x0000000742500000, 0x0000000742500000|
|  38|0x0000000742600000, 0x0000000742600000, 0x0000000742700000|  0%| F|  |TS  0|AC  0|TAMS 0x0000000742600000, 0x0000000742600000|
|  39|0x0000000742700000, 0x0000000742700000, 0x0000000742800000|  0%| F|  |TS  0|AC  0|TAMS 0x0000000742700000, 0x0000000742700000|
|  40|0x0000000742800000, 0x0000000742800000, 0x0000000742900000|  0%| F|  |TS  0|AC  0|TAMS 0x0000000742800000, 0x0000000742800000|
|  41|0x0000000742900000, 0x0000000742900000, 0x0000000742a00000|  0%| F|  |TS  0|AC  0|TAMS 0x0000000742900000, 0x0000000742900000|
|  42|0x0000000742a00000, 0x0000000742a00000, 0x0000000742b00000|  0%| F|  |TS  0|AC  0|TAMS 0x0000000742a00000, 0x0000000742a00000|
|  43|0x0000000742b00000, 0x0000000742b00000, 0x0000000742c00000|  0%| F|  |TS  0|AC  0|TAMS 0x0000000742b00000, 0x0000000742b00000|
|  44|0x0000000742c00000, 0x0000000742c00000, 0x0000000742d00000|  0%| F|  |TS  0|AC  0|TAMS 0x0000000742c00000, 0x0000000742c00000|
|  45|0x0000000742d00000, 0x0000000742d00000, 0x0000000742e00000|  0%| F|  |TS  0|AC  0|TAMS 0x0000000742d00000, 0x0000000742d00000|
|  46|0x0000000742e00000, 0x0000000742e00000, 0x0000000742f00000|  0%| F|  |TS  0|AC  0|TAMS 0x0000000742e00000, 0x0000000742e00000|
|  47|0x0000000742f00000, 0x0000000742f00000, 0x0000000743000000|  0%| F|  |TS  0|AC  0|TAMS 0x0000000742f00000, 0x0000000742f00000|
|  48|0x0000000743000000, 0x0000000743000000, 0x0000000743100000|  0%| F|  |TS  0|AC  0|TAMS 0x0000000743000000, 0x0000000743000000|
|  49|0x0000000743100000, 0x0000000743100000, 0x0000000743200000|  0%| F|  |TS  0|AC  0|TAMS 0x0000000743100000, 0x0000000743100000|
|  50|0x0000000743200000, 0x0000000743200000, 0x0000000743300000|  0%| F|  |TS  0|AC  0|TAMS 0x0000000743200000, 0x0000000743200000|
|  51|0x0000000743300000, 0x0000000743300000, 0x0000000743400000|  0%| F|  |TS  0|AC  0|TAMS 0x0000000743300000, 0x0000000743300000|
|  52|0x0000000743400000, 0x0000000743400000, 0x0000000743500000|  0%| F|  |TS  0|AC  0|TAMS 0x0000000743400000, 0x0000000743400000|
|  53|0x0000000743500000, 0x0000000743500000, 0x0000000743600000|  0%| F|  |TS  0|AC  0|TAMS 0x0000000743500000, 0x0000000743500000|
|  54|0x0000000743600000, 0x0000000743600000, 0x0000000743700000|  0%| F|  |TS  0|AC  0|TAMS 0x0000000743600000, 0x0000000743600000|
|  55|0x0000000743700000, 0x0000000743700000, 0x0000000743800000|  0%| F|  |TS  0|AC  0|TAMS 0x0000000743700000, 0x0000000743700000|
|  56|0x0000000743800000, 0x0000000743800000, 0x0000000743900000|  0%| F|  |TS  0|AC  0|TAMS 0x0000000743800000, 0x0000000743800000|
|  57|0x0000000743900000, 0x0000000743900000, 0x0000000743a00000|  0%| F|  |TS  0|AC  0|TAMS 0x0000000743900000, 0x0000000743900000|
|  58|0x0000000743a00000, 0x0000000743a00000, 0x0000000743b00000|  0%| F|  |TS  0|AC  0|TAMS 0x0000000743a00000, 0x0000000743a00000|
|  59|0x0000000743b00000, 0x0000000743b00000, 0x0000000743c00000|  0%| F|  |TS  0|AC  0|TAMS 0x0000000743b00000, 0x0000000743b00000|
|  60|0x0000000743c00000, 0x0000000743c00000, 0x0000000743d00000|  0%| F|  |TS  0|AC  0|TAMS 0x0000000743c00000, 0x0000000743c00000|
|  61|0x0000000743d00000, 0x0000000743d00000, 0x0000000743e00000|  0%| F|  |TS  0|AC  0|TAMS 0x0000000743d00000, 0x0000000743d00000|
|  62|0x0000000743e00000, 0x0000000743e00000, 0x0000000743f00000|  0%| F|  |TS  0|AC  0|TAMS 0x0000000743e00000, 0x0000000743e00000|
|  63|0x0000000743f00000, 0x0000000743f00000, 0x0000000744000000|  0%| F|  |TS  0|AC  0|TAMS 0x0000000743f00000, 0x0000000743f00000|
|  64|0x0000000744000000, 0x0000000744000000, 0x0000000744100000|  0%| F|  |TS  0|AC  0|TAMS 0x0000000744000000, 0x0000000744000000|
|  65|0x0000000744100000, 0x0000000744100000, 0x0000000744200000|  0%| F|  |TS  0|AC  0|TAMS 0x0000000744100000, 0x0000000744100000|
|  66|0x0000000744200000, 0x0000000744200000, 0x0000000744300000|  0%| F|  |TS  0|AC  0|TAMS 0x0000000744200000, 0x0000000744200000|
|  67|0x0000000744300000, 0x0000000744300000, 0x0000000744400000|  0%| F|  |TS  0|AC  0|TAMS 0x0000000744300000, 0x0000000744300000|
|  68|0x0000000744400000, 0x0000000744400000, 0x0000000744500000|  0%| F|  |TS  0|AC  0|TAMS 0x0000000744400000, 0x0000000744400000|
|  69|0x0000000744500000, 0x0000000744500000, 0x0000000744600000|  0%| F|  |TS  0|AC  0|TAMS 0x0000000744500000, 0x0000000744500000|
|  70|0x0000000744600000, 0x0000000744600000, 0x0000000744700000|  0%| F|  |TS  0|AC  0|TAMS 0x0000000744600000, 0x0000000744600000|
|  71|0x0000000744700000, 0x0000000744700000, 0x0000000744800000|  0%| F|  |TS  0|AC  0|TAMS 0x0000000744700000, 0x0000000744700000|
|  72|0x0000000744800000, 0x0000000744800000, 0x0000000744900000|  0%| F|  |TS  0|AC  0|TAMS 0x0000000744800000, 0x0000000744800000|
|  73|0x0000000744900000, 0x0000000744900000, 0x0000000744a00000|  0%| F|  |TS  0|AC  0|TAMS 0x0000000744900000, 0x0000000744900000|
|  74|0x0000000744a00000, 0x0000000744a00000, 0x0000000744b00000|  0%| F|  |TS  0|AC  0|TAMS 0x0000000744a00000, 0x0000000744a00000|
|  75|0x0000000744b00000, 0x0000000744b00000, 0x0000000744c00000|  0%| F|  |TS  0|AC  0|TAMS 0x0000000744b00000, 0x0000000744b00000|
|  76|0x0000000744c00000, 0x0000000744c00000, 0x0000000744d00000|  0%| F|  |TS  0|AC  0|TAMS 0x0000000744c00000, 0x0000000744c00000|
|  77|0x0000000744d00000, 0x0000000744d00000, 0x0000000744e00000|  0%| F|  |TS  0|AC  0|TAMS 0x0000000744d00000, 0x0000000744d00000|
|  78|0x0000000744e00000, 0x0000000744e00000, 0x0000000744f00000|  0%| F|  |TS  0|AC  0|TAMS 0x0000000744e00000, 0x0000000744e00000|
|  79|0x0000000744f00000, 0x0000000744f00000, 0x0000000745000000|  0%| F|  |TS  0|AC  0|TAMS 0x0000000744f00000, 0x0000000744f00000|
|  80|0x0000000745000000, 0x0000000745000000, 0x0000000745100000|  0%| F|  |TS  0|AC  0|TAMS 0x0000000745000000, 0x0000000745000000|
|  81|0x0000000745100000, 0x0000000745100000, 0x0000000745200000|  0%| F|  |TS  0|AC  0|TAMS 0x0000000745100000, 0x0000000745100000|
|  82|0x0000000745200000, 0x0000000745200000, 0x0000000745300000|  0%| F|  |TS  0|AC  0|TAMS 0x0000000745200000, 0x0000000745200000|
|  83|0x0000000745300000, 0x0000000745300000, 0x0000000745400000|  0%| F|  |TS  0|AC  0|TAMS 0x0000000745300000, 0x0000000745300000|
|  84|0x0000000745400000, 0x0000000745400000, 0x0000000745500000|  0%| F|  |TS  0|AC  0|TAMS 0x0000000745400000, 0x0000000745400000|
|  85|0x0000000745500000, 0x0000000745500000, 0x0000000745600000|  0%| F|  |TS  0|AC  0|TAMS 0x0000000745500000, 0x0000000745500000|
|  86|0x0000000745600000, 0x0000000745600000, 0x0000000745700000|  0%| F|  |TS  0|AC  0|TAMS 0x0000000745600000, 0x0000000745600000|
|  87|0x0000000745700000, 0x0000000745700000, 0x0000000745800000|  0%| F|  |TS  0|AC  0|TAMS 0x0000000745700000, 0x0000000745700000|
|  88|0x0000000745800000, 0x0000000745800000, 0x0000000745900000|  0%| F|  |TS  0|AC  0|TAMS 0x0000000745800000, 0x0000000745800000|
|  89|0x0000000745900000, 0x0000000745900000, 0x0000000745a00000|  0%| F|  |TS  0|AC  0|TAMS 0x0000000745900000, 0x0000000745900000|
|  90|0x0000000745a00000, 0x0000000745a00000, 0x0000000745b00000|  0%| F|  |TS  0|AC  0|TAMS 0x0000000745a00000, 0x0000000745a00000|
|  91|0x0000000745b00000, 0x0000000745b00000, 0x0000000745c00000|  0%| F|  |TS  0|AC  0|TAMS 0x0000000745b00000, 0x0000000745b00000|
|  92|0x0000000745c00000, 0x0000000745c00000, 0x0000000745d00000|  0%| F|  |TS  0|AC  0|TAMS 0x0000000745c00000, 0x0000000745c00000|
|  93|0x0000000745d00000, 0x0000000745d00000, 0x0000000745e00000|  0%| F|  |TS  0|AC  0|TAMS 0x0000000745d00000, 0x0000000745d00000|
|  94|0x0000000745e00000, 0x0000000745e00000, 0x0000000745f00000|  0%| F|  |TS  0|AC  0|TAMS 0x0000000745e00000, 0x0000000745e00000|
|  95|0x0000000745f00000, 0x0000000745f00000, 0x0000000746000000|  0%| F|  |TS  0|AC  0|TAMS 0x0000000745f00000, 0x0000000745f00000|
|  96|0x0000000746000000, 0x0000000746000000, 0x0000000746100000|  0%| F|  |TS  0|AC  0|TAMS 0x0000000746000000, 0x0000000746000000|
|  97|0x0000000746100000, 0x0000000746100000, 0x0000000746200000|  0%| F|  |TS  0|AC  0|TAMS 0x0000000746100000, 0x0000000746100000|
|  98|0x0000000746200000, 0x0000000746200000, 0x0000000746300000|  0%| F|  |TS  0|AC  0|TAMS 0x0000000746200000, 0x0000000746200000|
|  99|0x0000000746300000, 0x0000000746300000, 0x0000000746400000|  0%| F|  |TS  0|AC  0|TAMS 0x0000000746300000, 0x0000000746300000|
| 100|0x0000000746400000, 0x0000000746400000, 0x0000000746500000|  0%| F|  |TS  0|AC  0|TAMS 0x0000000746400000, 0x0000000746400000|
| 101|0x0000000746500000, 0x0000000746500000, 0x0000000746600000|  0%| F|  |TS  0|AC  0|TAMS 0x0000000746500000, 0x0000000746500000|
| 102|0x0000000746600000, 0x0000000746600000, 0x0000000746700000|  0%| F|  |TS  0|AC  0|TAMS 0x0000000746600000, 0x0000000746600000|
| 103|0x0000000746700000, 0x0000000746700000, 0x0000000746800000|  0%| F|  |TS  0|AC  0|TAMS 0x0000000746700000, 0x0000000746700000|
| 104|0x0000000746800000, 0x0000000746800000, 0x0000000746900000|  0%| F|  |TS  0|AC  0|TAMS 0x0000000746800000, 0x0000000746800000|
| 105|0x0000000746900000, 0x0000000746900000, 0x0000000746a00000|  0%| F|  |TS  0|AC  0|TAMS 0x0000000746900000, 0x0000000746900000|
| 106|0x0000000746a00000, 0x0000000746a00000, 0x0000000746b00000|  0%| F|  |TS  0|AC  0|TAMS 0x0000000746a00000, 0x0000000746a00000|
| 107|0x0000000746b00000, 0x0000000746b00000, 0x0000000746c00000|  0%| F|  |TS  0|AC  0|TAMS 0x0000000746b00000, 0x0000000746b00000|
| 108|0x0000000746c00000, 0x0000000746c00000, 0x0000000746d00000|  0%| F|  |TS  0|AC  0|TAMS 0x0000000746c00000, 0x0000000746c00000|
| 109|0x0000000746d00000, 0x0000000746d00000, 0x0000000746e00000|  0%| F|  |TS  0|AC  0|TAMS 0x0000000746d00000, 0x0000000746d00000|
| 110|0x0000000746e00000, 0x0000000746e00000, 0x0000000746f00000|  0%| F|  |TS  0|AC  0|TAMS 0x0000000746e00000, 0x0000000746e00000|
| 111|0x0000000746f00000, 0x0000000746f00000, 0x0000000747000000|  0%| F|  |TS  0|AC  0|TAMS 0x0000000746f00000, 0x0000000746f00000|
| 112|0x0000000747000000, 0x0000000747000000, 0x0000000747100000|  0%| F|  |TS  0|AC  0|TAMS 0x0000000747000000, 0x0000000747000000|
| 113|0x0000000747100000, 0x0000000747100000, 0x0000000747200000|  0%| F|  |TS  0|AC  0|TAMS 0x0000000747100000, 0x0000000747100000|
| 114|0x0000000747200000, 0x0000000747248330, 0x0000000747300000| 28%| E|  |TS  0|AC  0|TAMS 0x0000000747200000, 0x0000000747200000|
| 115|0x0000000747300000, 0x0000000747400000, 0x0000000747400000|100%| E|CS|TS  0|AC  0|TAMS 0x0000000747300000, 0x0000000747300000|
| 116|0x0000000747400000, 0x0000000747500000, 0x0000000747500000|100%| E|CS|TS  0|AC  0|TAMS 0x0000000747400000, 0x0000000747400000|
| 117|0x0000000747500000, 0x0000000747600000, 0x0000000747600000|100%| E|CS|TS  0|AC  0|TAMS 0x0000000747500000, 0x0000000747500000|
| 118|0x0000000747600000, 0x0000000747700000, 0x0000000747700000|100%| E|CS|TS  0|AC  0|TAMS 0x0000000747600000, 0x0000000747600000|
| 119|0x0000000747700000, 0x0000000747800000, 0x0000000747800000|100%| E|CS|TS  0|AC  0|TAMS 0x0000000747700000, 0x0000000747700000|
| 120|0x0000000747800000, 0x0000000747900000, 0x0000000747900000|100%| E|CS|TS  0|AC  0|TAMS 0x0000000747800000, 0x0000000747800000|
| 121|0x0000000747900000, 0x0000000747a00000, 0x0000000747a00000|100%| E|CS|TS  0|AC  0|TAMS 0x0000000747900000, 0x0000000747900000|
| 122|0x0000000747a00000, 0x0000000747b00000, 0x0000000747b00000|100%| E|CS|TS  0|AC  0|TAMS 0x0000000747a00000, 0x0000000747a00000|
| 123|0x0000000747b00000, 0x0000000747c00000, 0x0000000747c00000|100%| E|CS|TS  0|AC  0|TAMS 0x0000000747b00000, 0x0000000747b00000|
| 124|0x0000000747c00000, 0x0000000747d00000, 0x0000000747d00000|100%| E|CS|TS  0|AC  0|TAMS 0x0000000747c00000, 0x0000000747c00000|
| 125|0x0000000747d00000, 0x0000000747e00000, 0x0000000747e00000|100%| E|CS|TS  0|AC  0|TAMS 0x0000000747d00000, 0x0000000747d00000|
| 126|0x0000000747e00000, 0x0000000747f00000, 0x0000000747f00000|100%| E|CS|TS  0|AC  0|TAMS 0x0000000747e00000, 0x0000000747e00000|
| 127|0x0000000747f00000, 0x0000000748000000, 0x0000000748000000|100%| E|CS|TS  0|AC  0|TAMS 0x0000000747f00000, 0x0000000747f00000|

Card table byte_map: [0x0000000104b76000,0x0000000104f76000] byte_map_base: 0x0000000101176000

Marking Bits (Prev, Next): (CMBitMap*) 0x00007f9af902d260, (CMBitMap*) 0x00007f9af902d298
 Prev Bits: [0x0000000105376000, 0x0000000107376000)
 Next Bits: [0x00000001231db000, 0x00000001251db000)

Polling page: 0x0000000102ab6000

CodeHeap 'non-profiled nmethods': size=120032Kb used=275Kb max_used=275Kb free=119756Kb
 bounds [0x000000011bca3000, 0x000000011bf13000, 0x00000001231db000]
CodeHeap 'profiled nmethods': size=120032Kb used=1403Kb max_used=1403Kb free=118628Kb
 bounds [0x000000011476b000, 0x00000001149db000, 0x000000011bca3000]
CodeHeap 'non-nmethods': size=5696Kb used=1113Kb max_used=1133Kb free=4583Kb
 bounds [0x00000001141db000, 0x000000011444b000, 0x000000011476b000]
 total_blobs=1243 nmethods=697 adapters=274
 compilation: enabled

Compilation events (10 events):
Event: 301.604 Thread 0x00007f9af7822800 nmethod 693 0x00000001148c3d10 code [0x00000001148c4060, 0x00000001148c5b48]
Event: 301.604 Thread 0x00007f9af7822800  694       3       org.eclipse.jdt.launching.internal.org.objectweb.asm.MethodWriter::putFrameType (83 bytes)
Event: 301.604 Thread 0x00007f9af7822800 nmethod 694 0x00000001148c6510 code [0x00000001148c6780, 0x00000001148c70d8]
Event: 325.802 Thread 0x00007f9af7822800  696       3       org.eclipse.jdt.launching.internal.org.objectweb.asm.ClassReader::readStackMapFrame (535 bytes)
Event: 325.804 Thread 0x00007f9af7822800 nmethod 696 0x00000001148c7390 code [0x00000001148c7660, 0x00000001148c8938]
Event: 1654.861 Thread 0x00007f9af7822800  697       3       org.eclipse.jdt.launching.internal.org.objectweb.asm.MethodWriter::visitIntInsn (113 bytes)
Event: 1654.861 Thread 0x00007f9af7822800 nmethod 697 0x00000001148c9190 code [0x00000001148c9380, 0x00000001148c9808]
Event: 1654.861 Thread 0x00007f9af7822800  698       3       org.eclipse.jdt.launching.internal.org.objectweb.asm.AnnotationWriter::visitEnd (44 bytes)
Event: 1654.866 Thread 0x00007f9af7822800 nmethod 698 0x00000001148c9990 code [0x00000001148c9b40, 0x00000001148c9d30]
Event: 1704.568 Thread 0x00007f9af9099000  699       4       org.eclipse.jdt.launching.internal.org.objectweb.asm.ClassReader::readCode (5071 bytes)

GC Heap History (0 events):
No events

Deoptimization events (8 events):
Event: 0.218 Thread 0x00007f9af800a800 Uncommon trap: reason=unstable_if action=reinterpret pc=0x000000011bca6314 method=java.lang.String.hashCode()I @ 14 c2
Event: 0.298 Thread 0x00007f9af800a800 Uncommon trap: reason=unstable_if action=reinterpret pc=0x000000011bcb0528 method=java.util.HashMap.putVal(ILjava/lang/Object;Ljava/lang/Object;ZZ)Ljava/lang/Object; @ 69 c2
Event: 0.328 Thread 0x00007f9af800a800 Uncommon trap: reason=unstable_if action=reinterpret pc=0x000000011bcb2f70 method=java.lang.String.isLatin1()Z @ 10 c2
Event: 0.497 Thread 0x00007f9af800a800 Uncommon trap: reason=unstable_if action=reinterpret pc=0x000000011bcc96d4 method=java.lang.StringLatin1.indexOf([BI[BII)I @ 80 c2
Event: 0.572 Thread 0x00007f9af800a800 Uncommon trap: reason=class_check action=maybe_recompile pc=0x000000011bccb078 method=java.util.HashMap.putVal(ILjava/lang/Object;Ljava/lang/Object;ZZ)Ljava/lang/Object; @ 91 c2
Event: 0.572 Thread 0x00007f9af800a800 Uncommon trap: reason=class_check action=maybe_recompile pc=0x000000011bccb078 method=java.util.HashMap.putVal(ILjava/lang/Object;Ljava/lang/Object;ZZ)Ljava/lang/Object; @ 91 c2
Event: 0.572 Thread 0x00007f9af800a800 Uncommon trap: reason=class_check action=maybe_recompile pc=0x000000011bccb078 method=java.util.HashMap.putVal(ILjava/lang/Object;Ljava/lang/Object;ZZ)Ljava/lang/Object; @ 91 c2
Event: 0.572 Thread 0x00007f9af800a800 Uncommon trap: reason=class_check action=maybe_recompile pc=0x000000011bccb078 method=java.util.HashMap.putVal(ILjava/lang/Object;Ljava/lang/Object;ZZ)Ljava/lang/Object; @ 91 c2

Classes redefined (10 events):
Event: 101.512 Thread 0x00007f9af8033000 redefined class name=poker.StudentTests, count=1
Event: 129.584 Thread 0x00007f9af8033000 redefined class name=poker.StudentTests, count=2
Event: 165.242 Thread 0x00007f9af8033000 redefined class name=poker.StudentTests, count=3
Event: 301.600 Thread 0x00007f9af8033000 redefined class name=poker.StudentTests, count=4
Event: 325.802 Thread 0x00007f9af8033000 redefined class name=poker.StudentTests, count=5
Event: 337.147 Thread 0x00007f9af8033000 redefined class name=poker.StudentTests, count=6
Event: 609.991 Thread 0x00007f9af8033000 redefined class name=poker.StudentTests, count=7
Event: 1036.859 Thread 0x00007f9af8033000 redefined class name=poker.StudentTests, count=8
Event: 1654.865 Thread 0x00007f9af8033000 redefined class name=poker.StudentTests, count=9
Event: 1704.575 Thread 0x00007f9af8033000 redefined class name=poker.StudentTests, count=10

Internal exceptions (6 events):
Event: 0.559 Thread 0x00007f9af800a800 Exception <a 'java/lang/NoSuchMethodError'{0x00000007476f2160}: method resolution failed> (0x00000007476f2160) thrown at [/scratch/mesos/slaves/555f5737-a945-4eb0-8d30-afb1fc816afd-S70/frameworks/1735e8a2-a1db-478c-8104-60c8b0af87dd-0196/executors/5e9592f
Event: 0.564 Thread 0x00007f9af800a800 Exception <a 'java/lang/NoSuchMethodError'{0x000000074750efb0}: java.lang.invoke.DirectMethodHandle$Holder.invokeStatic(Ljava/lang/Object;Ljava/lang/Object;)I> (0x000000074750efb0) thrown at [/scratch/mesos/slaves/555f5737-a945-4eb0-8d30-afb1fc816afd-S70/
Event: 0.566 Thread 0x00007f9af800a800 Exception <a 'java/lang/NoSuchMethodError'{0x0000000747520580}: java.lang.Object.of([Ljava/lang/Object;)Ljava/util/stream/Stream;> (0x0000000747520580) thrown at [/scratch/mesos/slaves/555f5737-a945-4eb0-8d30-afb1fc816afd-S70/frameworks/1735e8a2-a1db-478c
Event: 0.612 Thread 0x00007f9af800a800 Exception <a 'java/lang/NoSuchMethodError'{0x00000007474886f0}: java.lang.Object.lambda$negate$3(I)Z> (0x00000007474886f0) thrown at [/scratch/mesos/slaves/555f5737-a945-4eb0-8d30-afb1fc816afd-S70/frameworks/1735e8a2-a1db-478c-8104-60c8b0af87dd-0196/execu
Event: 0.613 Thread 0x00007f9af800a800 Exception <a 'java/lang/NoSuchMethodError'{0x000000074748bff0}: java.lang.Object.lambda$union$3(Ljava/util/regex/Pattern$CharPredicate;I)Z> (0x000000074748bff0) thrown at [/scratch/mesos/slaves/555f5737-a945-4eb0-8d30-afb1fc816afd-S70/frameworks/1735e8a2-
Event: 0.619 Thread 0x00007f9af800a800 Exception <a 'java/lang/NoSuchMethodError'{0x00000007474ac568}: java.lang.Object.lambda$union$2(Ljava/util/regex/Pattern$CharPredicate;I)Z> (0x00000007474ac568) thrown at [/scratch/mesos/slaves/555f5737-a945-4eb0-8d30-afb1fc816afd-S70/frameworks/1735e8a2-

Events (10 events):
Event: 1655.150 Executing VM operation: GetCurrentContendedMonitor done
Event: 1655.150 Executing VM operation: GetOwnedMonitorInfo
Event: 1655.150 Executing VM operation: GetOwnedMonitorInfo done
Event: 1657.098 Executing VM operation: GetFrameCount
Event: 1657.098 Executing VM operation: GetFrameCount done
Event: 1657.099 Executing VM operation: GetOwnedMonitorInfo
Event: 1657.099 Executing VM operation: GetOwnedMonitorInfo done
Event: 1657.099 Executing VM operation: GetCurrentContendedMonitor
Event: 1657.099 Executing VM operation: GetCurrentContendedMonitor done
Event: 1704.571 Executing VM operation: RedefineClasses


Dynamic libraries:
0x00007fff36583000 	/System/Library/Frameworks/Cocoa.framework/Versions/A/Cocoa
0x00007fff42803000 	/System/Library/Frameworks/Security.framework/Versions/A/Security
0x00007fff3518d000 	/System/Library/Frameworks/ApplicationServices.framework/Versions/A/ApplicationServices
0x00007fff63c74000 	/usr/lib/libz.1.dylib
0x00007fff612ea000 	/usr/lib/libSystem.B.dylib
0x00007fff36da5000 	/System/Library/Frameworks/CoreFoundation.framework/Versions/A/CoreFoundation
0x00007fff39124000 	/System/Library/Frameworks/Foundation.framework/Versions/C/Foundation
0x00007fff62d91000 	/usr/lib/libobjc.A.dylib
0x00007fff3431c000 	/System/Library/Frameworks/AppKit.framework/Versions/C/AppKit
0x00007fff3691a000 	/System/Library/Frameworks/CoreData.framework/Versions/A/CoreData
0x00007fff5a4dc000 	/System/Library/PrivateFrameworks/RemoteViewServices.framework/Versions/A/RemoteViewServices
0x00007fff5efc5000 	/System/Library/PrivateFrameworks/UIFoundation.framework/Versions/A/UIFoundation
0x00007fff60771000 	/System/Library/PrivateFrameworks/XCTTargetBootstrap.framework/Versions/A/XCTTargetBootstrap
0x00007fff5503b000 	/System/Library/PrivateFrameworks/IconServices.framework/Versions/A/IconServices
0x00007fff3b9c9000 	/System/Library/Frameworks/Metal.framework/Versions/A/Metal
0x00007fff4c2cd000 	/System/Library/PrivateFrameworks/DesktopServicesPriv.framework/Versions/A/DesktopServicesPriv
0x00007fff620a5000 	/usr/lib/libenergytrace.dylib
0x00007fff5cd3e000 	/System/Library/PrivateFrameworks/SkyLight.framework/Versions/A/SkyLight
0x00007fff371f6000 	/System/Library/Frameworks/CoreGraphics.framework/Versions/A/CoreGraphics
0x00007fff330d7000 	/System/Library/Frameworks/Accelerate.framework/Versions/A/Accelerate
0x00007fff398aa000 	/System/Library/Frameworks/IOSurface.framework/Versions/A/IOSurface
0x00007fff4c12f000 	/System/Library/PrivateFrameworks/DFRFoundation.framework/Versions/A/DFRFoundation
0x00007fff35692000 	/System/Library/Frameworks/AudioToolbox.framework/Versions/A/AudioToolbox
0x00007fff35930000 	/System/Library/Frameworks/AudioUnit.framework/Versions/A/AudioUnit
0x00007fff4c1c6000 	/System/Library/PrivateFrameworks/DataDetectorsCore.framework/Versions/A/DataDetectorsCore
0x00007fff3606f000 	/System/Library/Frameworks/Carbon.framework/Versions/A/Frameworks/HIToolbox.framework/Versions/A/HIToolbox
0x00007fff62200000 	/usr/lib/libicucore.A.dylib
0x00007fff41d5f000 	/System/Library/Frameworks/QuartzCore.framework/Versions/A/QuartzCore
0x00007fff36456000 	/System/Library/Frameworks/Carbon.framework/Versions/A/Frameworks/SpeechRecognition.framework/Versions/A/SpeechRecognition
0x00007fff6144d000 	/usr/lib/libauto.dylib
0x00007fff63b67000 	/usr/lib/libxml2.2.dylib
0x00007fff4bd34000 	/System/Library/PrivateFrameworks/CoreUI.framework/Versions/A/CoreUI
0x00007fff367f8000 	/System/Library/Frameworks/CoreAudio.framework/Versions/A/CoreAudio
0x00007fff38f56000 	/System/Library/Frameworks/DiskArbitration.framework/Versions/A/DiskArbitration
0x00007fff624b0000 	/usr/lib/liblangid.dylib
0x00007fff564e5000 	/System/Library/PrivateFrameworks/MultitouchSupport.framework/Versions/A/MultitouchSupport
0x00007fff39817000 	/System/Library/Frameworks/IOKit.framework/Versions/A/IOKit
0x00007fff60f38000 	/usr/lib/libDiagnosticMessagesClient.dylib
0x00007fff38061000 	/System/Library/Frameworks/CoreServices.framework/Versions/A/CoreServices
0x00007fff5820f000 	/System/Library/PrivateFrameworks/PerformanceAnalysis.framework/Versions/A/PerformanceAnalysis
0x00007fff40ef4000 	/System/Library/Frameworks/OpenGL.framework/Versions/A/OpenGL
0x00007fff36591000 	/System/Library/Frameworks/ColorSync.framework/Versions/A/ColorSync
0x00007fff37885000 	/System/Library/Frameworks/CoreImage.framework/Versions/A/CoreImage
0x00007fff38a9f000 	/System/Library/Frameworks/CoreText.framework/Versions/A/CoreText
0x00007fff3990b000 	/System/Library/Frameworks/ImageIO.framework/Versions/A/ImageIO
0x00007fff483aa000 	/System/Library/PrivateFrameworks/Backup.framework/Versions/A/Backup
0x00007fff613a0000 	/usr/lib/libarchive.2.dylib
0x00007fff35c94000 	/System/Library/Frameworks/CFNetwork.framework/Versions/A/CFNetwork
0x00007fff42fac000 	/System/Library/Frameworks/SystemConfiguration.framework/Versions/A/SystemConfiguration
0x00007fff60e61000 	/usr/lib/libCRFSuite.dylib
0x00007fff61545000 	/usr/lib/libc++.1.dylib
0x00007fff6159d000 	/usr/lib/libc++abi.dylib
0x00007fff63cf7000 	/usr/lib/system/libcache.dylib
0x00007fff63cfc000 	/usr/lib/system/libcommonCrypto.dylib
0x00007fff63d07000 	/usr/lib/system/libcompiler_rt.dylib
0x00007fff63d0f000 	/usr/lib/system/libcopyfile.dylib
0x00007fff63d19000 	/usr/lib/system/libcorecrypto.dylib
0x00007fff63e23000 	/usr/lib/system/libdispatch.dylib
0x00007fff63e5e000 	/usr/lib/system/libdyld.dylib
0x00007fff63e8e000 	/usr/lib/system/libkeymgr.dylib
0x00007fff63e9c000 	/usr/lib/system/liblaunch.dylib
0x00007fff63e9d000 	/usr/lib/system/libmacho.dylib
0x00007fff63ea3000 	/usr/lib/system/libquarantine.dylib
0x00007fff63ea6000 	/usr/lib/system/libremovefile.dylib
0x00007fff63ea8000 	/usr/lib/system/libsystem_asl.dylib
0x00007fff63ec0000 	/usr/lib/system/libsystem_blocks.dylib
0x00007fff63ec1000 	/usr/lib/system/libsystem_c.dylib
0x00007fff63f4a000 	/usr/lib/system/libsystem_configuration.dylib
0x00007fff63f4e000 	/usr/lib/system/libsystem_coreservices.dylib
0x00007fff63f52000 	/usr/lib/system/libsystem_darwin.dylib
0x00007fff63f59000 	/usr/lib/system/libsystem_dnssd.dylib
0x00007fff63f60000 	/usr/lib/system/libsystem_info.dylib
0x00007fff63fd5000 	/usr/lib/system/libsystem_m.dylib
0x00007fff64021000 	/usr/lib/system/libsystem_malloc.dylib
0x00007fff64046000 	/usr/lib/system/libsystem_networkextension.dylib
0x00007fff64052000 	/usr/lib/system/libsystem_notify.dylib
0x00007fff6406f000 	/usr/lib/system/libsystem_sandbox.dylib
0x00007fff64073000 	/usr/lib/system/libsystem_secinit.dylib
0x00007fff63fad000 	/usr/lib/system/libsystem_kernel.dylib
0x00007fff6405a000 	/usr/lib/system/libsystem_platform.dylib
0x00007fff64064000 	/usr/lib/system/libsystem_pthread.dylib
0x00007fff64076000 	/usr/lib/system/libsystem_symptoms.dylib
0x00007fff6407e000 	/usr/lib/system/libsystem_trace.dylib
0x00007fff64095000 	/usr/lib/system/libunwind.dylib
0x00007fff6409b000 	/usr/lib/system/libxpc.dylib
0x00007fff61525000 	/usr/lib/libbsm.0.dylib
0x00007fff63e8f000 	/usr/lib/system/libkxld.dylib
0x00007fff47666000 	/System/Library/PrivateFrameworks/AppleFSCompression.framework/Versions/A/AppleFSCompression
0x00007fff611a9000 	/usr/lib/libOpenScriptingUtil.dylib
0x00007fff61888000 	/usr/lib/libcoretls.dylib
0x00007fff6189f000 	/usr/lib/libcoretls_cfhelpers.dylib
0x00007fff6352a000 	/usr/lib/libpam.2.dylib
0x00007fff636ed000 	/usr/lib/libsqlite3.dylib
0x00007fff63b55000 	/usr/lib/libxar.1.dylib
0x00007fff61536000 	/usr/lib/libbz2.1.0.dylib
0x00007fff624b2000 	/usr/lib/liblzma.5.dylib
0x00007fff629a8000 	/usr/lib/libnetwork.dylib
0x00007fff61389000 	/usr/lib/libapple_nghttp2.dylib
0x00007fff63531000 	/usr/lib/libpcap.A.dylib
0x00007fff38405000 	/System/Library/Frameworks/CoreServices.framework/Versions/A/Frameworks/FSEvents.framework/Versions/A/FSEvents
0x00007fff380e1000 	/System/Library/Frameworks/CoreServices.framework/Versions/A/Frameworks/CarbonCore.framework/Versions/A/CarbonCore
0x00007fff385da000 	/System/Library/Frameworks/CoreServices.framework/Versions/A/Frameworks/Metadata.framework/Versions/A/Metadata
0x00007fff3867d000 	/System/Library/Frameworks/CoreServices.framework/Versions/A/Frameworks/OSServices.framework/Versions/A/OSServices
0x00007fff386c9000 	/System/Library/Frameworks/CoreServices.framework/Versions/A/Frameworks/SearchKit.framework/Versions/A/SearchKit
0x00007fff38062000 	/System/Library/Frameworks/CoreServices.framework/Versions/A/Frameworks/AE.framework/Versions/A/AE
0x00007fff3840e000 	/System/Library/Frameworks/CoreServices.framework/Versions/A/Frameworks/LaunchServices.framework/Versions/A/LaunchServices
0x00007fff383ba000 	/System/Library/Frameworks/CoreServices.framework/Versions/A/Frameworks/DictionaryServices.framework/Versions/A/DictionaryServices
0x00007fff38738000 	/System/Library/Frameworks/CoreServices.framework/Versions/A/Frameworks/SharedFileList.framework/Versions/A/SharedFileList
0x00007fff3ce84000 	/System/Library/Frameworks/NetFS.framework/Versions/A/NetFS
0x00007fff56781000 	/System/Library/PrivateFrameworks/NetAuth.framework/Versions/A/NetAuth
0x00007fff60ba5000 	/System/Library/PrivateFrameworks/login.framework/Versions/A/Frameworks/loginsupport.framework/Versions/A/loginsupport
0x00007fff5ebc1000 	/System/Library/PrivateFrameworks/TCC.framework/Versions/A/TCC
0x00007fff4b35c000 	/System/Library/PrivateFrameworks/CoreNLP.framework/Versions/A/CoreNLP
0x00007fff561d7000 	/System/Library/PrivateFrameworks/MetadataUtilities.framework/Versions/A/MetadataUtilities
0x00007fff62593000 	/usr/lib/libmecabra.dylib
0x00007fff3518e000 	/System/Library/Frameworks/ApplicationServices.framework/Versions/A/Frameworks/ATS.framework/Versions/A/ATS
0x00007fff354f9000 	/System/Library/Frameworks/ApplicationServices.framework/Versions/A/Frameworks/ColorSyncLegacy.framework/Versions/A/ColorSyncLegacy
0x00007fff3559a000 	/System/Library/Frameworks/ApplicationServices.framework/Versions/A/Frameworks/HIServices.framework/Versions/A/HIServices
0x00007fff355ed000 	/System/Library/Frameworks/ApplicationServices.framework/Versions/A/Frameworks/LangAnalysis.framework/Versions/A/LangAnalysis
0x00007fff355fc000 	/System/Library/Frameworks/ApplicationServices.framework/Versions/A/Frameworks/PrintCore.framework/Versions/A/PrintCore
0x00007fff35649000 	/System/Library/Frameworks/ApplicationServices.framework/Versions/A/Frameworks/QD.framework/Versions/A/QD
0x00007fff35685000 	/System/Library/Frameworks/ApplicationServices.framework/Versions/A/Frameworks/SpeechSynthesis.framework/Versions/A/SpeechSynthesis
0x00007fff615c5000 	/usr/lib/libcompression.dylib
0x00007fff36cbb000 	/System/Library/Frameworks/CoreDisplay.framework/Versions/A/CoreDisplay
0x00007fff3bc85000 	/System/Library/Frameworks/MetalPerformanceShaders.framework/Versions/A/MetalPerformanceShaders
0x00007fff330ef000 	/System/Library/Frameworks/Accelerate.framework/Versions/A/Frameworks/vImage.framework/Versions/A/vImage
0x00007fff3416b000 	/System/Library/Frameworks/Accelerate.framework/Versions/A/Frameworks/vecLib.framework/Versions/A/vecLib
0x00007fff340b5000 	/System/Library/Frameworks/Accelerate.framework/Versions/A/Frameworks/vecLib.framework/Versions/A/libvMisc.dylib
0x00007fff33ed0000 	/System/Library/Frameworks/Accelerate.framework/Versions/A/Frameworks/vecLib.framework/Versions/A/libvDSP.dylib
0x00007fff33790000 	/System/Library/Frameworks/Accelerate.framework/Versions/A/Frameworks/vecLib.framework/Versions/A/libBLAS.dylib
0x00007fff33a7b000 	/System/Library/Frameworks/Accelerate.framework/Versions/A/Frameworks/vecLib.framework/Versions/A/libLAPACK.dylib
0x00007fff33e22000 	/System/Library/Frameworks/Accelerate.framework/Versions/A/Frameworks/vecLib.framework/Versions/A/libLinearAlgebra.dylib
0x00007fff33ebc000 	/System/Library/Frameworks/Accelerate.framework/Versions/A/Frameworks/vecLib.framework/Versions/A/libSparseBLAS.dylib
0x00007fff33e38000 	/System/Library/Frameworks/Accelerate.framework/Versions/A/Frameworks/vecLib.framework/Versions/A/libQuadrature.dylib
0x00007fff33a08000 	/System/Library/Frameworks/Accelerate.framework/Versions/A/Frameworks/vecLib.framework/Versions/A/libBNNS.dylib
0x00007fff33e3e000 	/System/Library/Frameworks/Accelerate.framework/Versions/A/Frameworks/vecLib.framework/Versions/A/libSparse.dylib
0x00007fff5285a000 	/System/Library/PrivateFrameworks/GPUWrangler.framework/Versions/A/GPUWrangler
0x00007fff54c04000 	/System/Library/PrivateFrameworks/IOAccelerator.framework/Versions/A/IOAccelerator
0x00007fff54c0f000 	/System/Library/PrivateFrameworks/IOPresentment.framework/Versions/A/IOPresentment
0x00007fff4c13f000 	/System/Library/PrivateFrameworks/DSExternalDisplay.framework/Versions/A/DSExternalDisplay
0x00007fff40339000 	/System/Library/Frameworks/OpenGL.framework/Versions/A/Libraries/libCoreFSCache.dylib
0x00007fff3ba79000 	/System/Library/Frameworks/MetalPerformanceShaders.framework/Frameworks/MPSCore.framework/Versions/A/MPSCore
0x00007fff3ba9a000 	/System/Library/Frameworks/MetalPerformanceShaders.framework/Frameworks/MPSImage.framework/Versions/A/MPSImage
0x00007fff3bb41000 	/System/Library/Frameworks/MetalPerformanceShaders.framework/Frameworks/MPSNeuralNetwork.framework/Versions/A/MPSNeuralNetwork
0x00007fff3bb18000 	/System/Library/Frameworks/MetalPerformanceShaders.framework/Frameworks/MPSMatrix.framework/Versions/A/MPSMatrix
0x00007fff3bc69000 	/System/Library/Frameworks/MetalPerformanceShaders.framework/Frameworks/MPSRayIntersector.framework/Versions/A/MPSRayIntersector
0x00007fff56200000 	/System/Library/PrivateFrameworks/MetalTools.framework/Versions/A/MetalTools
0x00007fff46d62000 	/System/Library/PrivateFrameworks/AggregateDictionary.framework/Versions/A/AggregateDictionary
0x00007fff61189000 	/usr/lib/libMobileGestalt.dylib
0x00007fff38c05000 	/System/Library/Frameworks/CoreVideo.framework/Versions/A/CoreVideo
0x00007fff536be000 	/System/Library/PrivateFrameworks/GraphVisualizer.framework/Versions/A/GraphVisualizer
0x00007fff4d46a000 	/System/Library/PrivateFrameworks/FaceCore.framework/Versions/A/FaceCore
0x00007fff3f950000 	/System/Library/Frameworks/OpenCL.framework/Versions/A/OpenCL
0x00007fff60f70000 	/usr/lib/libFosl_dynamic.dylib
0x00007fff57056000 	/System/Library/PrivateFrameworks/OTSVG.framework/Versions/A/OTSVG
0x00007fff35292000 	/System/Library/Frameworks/ApplicationServices.framework/Versions/A/Frameworks/ATS.framework/Versions/A/Resources/libFontParser.dylib
0x00007fff353b2000 	/System/Library/Frameworks/ApplicationServices.framework/Versions/A/Frameworks/ATS.framework/Versions/A/Resources/libFontRegistry.dylib
0x00007fff39b8b000 	/System/Library/Frameworks/ImageIO.framework/Versions/A/Resources/libJPEG.dylib
0x00007fff39ead000 	/System/Library/Frameworks/ImageIO.framework/Versions/A/Resources/libTIFF.dylib
0x00007fff39e83000 	/System/Library/Frameworks/ImageIO.framework/Versions/A/Resources/libPng.dylib
0x00007fff39aa0000 	/System/Library/Frameworks/ImageIO.framework/Versions/A/Resources/libGIF.dylib
0x00007fff39aa5000 	/System/Library/Frameworks/ImageIO.framework/Versions/A/Resources/libJP2.dylib
0x00007fff39eaa000 	/System/Library/Frameworks/ImageIO.framework/Versions/A/Resources/libRadiance.dylib
0x00007fff477bf000 	/System/Library/PrivateFrameworks/AppleJPEG.framework/Versions/A/AppleJPEG
0x00007fff40344000 	/System/Library/Frameworks/OpenGL.framework/Versions/A/Libraries/libGFXShared.dylib
0x00007fff40507000 	/System/Library/Frameworks/OpenGL.framework/Versions/A/Libraries/libGLU.dylib
0x00007fff4034d000 	/System/Library/Frameworks/OpenGL.framework/Versions/A/Libraries/libGL.dylib
0x00007fff40359000 	/System/Library/Frameworks/OpenGL.framework/Versions/A/Libraries/libGLImage.dylib
0x00007fff40336000 	/System/Library/Frameworks/OpenGL.framework/Versions/A/Libraries/libCVMSPluginSupport.dylib
0x00007fff4033f000 	/System/Library/Frameworks/OpenGL.framework/Versions/A/Libraries/libCoreVMClient.dylib
0x00007fff61f17000 	/usr/lib/libcups.2.dylib
0x00007fff3af91000 	/System/Library/Frameworks/Kerberos.framework/Versions/A/Kerberos
0x00007fff39563000 	/System/Library/Frameworks/GSS.framework/Versions/A/GSS
0x00007fff63681000 	/usr/lib/libresolv.9.dylib
0x00007fff6210e000 	/usr/lib/libiconv.2.dylib
0x00007fff537b4000 	/System/Library/PrivateFrameworks/Heimdal.framework/Versions/A/Heimdal
0x00007fff620dd000 	/usr/lib/libheimdal-asn1.dylib
0x00007fff3f9c7000 	/System/Library/Frameworks/OpenDirectory.framework/Versions/A/OpenDirectory
0x00007fff4a06d000 	/System/Library/PrivateFrameworks/CommonAuth.framework/Versions/A/CommonAuth
0x00007fff3f9aa000 	/System/Library/Frameworks/OpenDirectory.framework/Versions/A/Frameworks/CFOpenDirectory.framework/Versions/A/CFOpenDirectory
0x00007fff42b2a000 	/System/Library/Frameworks/SecurityFoundation.framework/Versions/A/SecurityFoundation
0x00007fff46281000 	/System/Library/PrivateFrameworks/APFS.framework/Versions/A/APFS
0x00007fff63b51000 	/usr/lib/libutil.dylib
0x00007fff615b3000 	/usr/lib/libcharset.1.dylib
0x00007fff47a58000 	/System/Library/PrivateFrameworks/AppleSauce.framework/Versions/A/AppleSauce
0x00007fff47be6000 	/System/Library/PrivateFrameworks/AssertionServices.framework/Versions/A/AssertionServices
0x00007fff4844d000 	/System/Library/PrivateFrameworks/BaseBoard.framework/Versions/A/BaseBoard
0x00007fff624e2000 	/usr/lib/libmecab.1.0.0.dylib
0x00007fff620d7000 	/usr/lib/libgermantok.dylib
0x00007fff61375000 	/usr/lib/libThaiTokenizer.dylib
0x00007fff60e9c000 	/usr/lib/libChineseTokenizer.dylib
0x00007fff55337000 	/System/Library/PrivateFrameworks/LanguageModeling.framework/Versions/A/LanguageModeling
0x00007fff4ad73000 	/System/Library/PrivateFrameworks/CoreEmoji.framework/Versions/A/CoreEmoji
0x00007fff5542f000 	/System/Library/PrivateFrameworks/Lexicon.framework/Versions/A/Lexicon
0x00007fff55477000 	/System/Library/PrivateFrameworks/LinguisticData.framework/Versions/A/LinguisticData
0x00007fff615b4000 	/usr/lib/libcmph.dylib
0x00007fff42beb000 	/System/Library/Frameworks/ServiceManagement.framework/Versions/A/ServiceManagement
0x00007fff483a0000 	/System/Library/PrivateFrameworks/BackgroundTaskManagement.framework/Versions/A/BackgroundTaskManagement
0x00007fff63c4b000 	/usr/lib/libxslt.1.dylib
0x00007fff36381000 	/System/Library/Frameworks/Carbon.framework/Versions/A/Frameworks/Ink.framework/Versions/A/Ink
0x00007fff5ee3d000 	/System/Library/PrivateFrameworks/TextureIO.framework/Versions/A/TextureIO
0x00007fff613ca000 	/usr/lib/libate.dylib
0x00007fff4c09b000 	/System/Library/PrivateFrameworks/CrashReporterSupport.framework/Versions/A/CrashReporterSupport
0x00007fff5be6d000 	/System/Library/PrivateFrameworks/Sharing.framework/Versions/A/Sharing
0x00007fff47f2c000 	/System/Library/PrivateFrameworks/AuthKit.framework/Versions/A/AuthKit
0x00007fff4735e000 	/System/Library/PrivateFrameworks/Apple80211.framework/Versions/A/Apple80211
0x00007fff4be61000 	/System/Library/PrivateFrameworks/CoreUtils.framework/Versions/A/CoreUtils
0x00007fff38c43000 	/System/Library/Frameworks/CoreWLAN.framework/Versions/A/CoreWLAN
0x00007fff396ac000 	/System/Library/Frameworks/IOBluetooth.framework/Versions/A/IOBluetooth
0x00007fff5a1d7000 	/System/Library/PrivateFrameworks/ProtocolBuffer.framework/Versions/A/ProtocolBuffer
0x00007fff5643c000 	/System/Library/PrivateFrameworks/MobileKeyBag.framework/Versions/A/MobileKeyBag
0x00007fff4b689000 	/System/Library/PrivateFrameworks/CorePhoneNumbers.framework/Versions/A/CorePhoneNumbers
0x00007fff47773000 	/System/Library/PrivateFrameworks/AppleIDAuthSupport.framework/Versions/A/AppleIDAuthSupport
0x00007fff55309000 	/System/Library/PrivateFrameworks/KeychainCircle.framework/Versions/A/KeychainCircle
0x00007fff5a3a4000 	/System/Library/PrivateFrameworks/ROCKit.framework/Versions/A/ROCKit
0x00007fff4c037000 	/System/Library/PrivateFrameworks/CoreWiFi.framework/Versions/A/CoreWiFi
0x00007fff368ee000 	/System/Library/Frameworks/CoreBluetooth.framework/Versions/A/CoreBluetooth
0x00007fff4c28b000 	/System/Library/PrivateFrameworks/DebugSymbols.framework/Versions/A/DebugSymbols
0x00007fff4bc16000 	/System/Library/PrivateFrameworks/CoreSymbolication.framework/Versions/A/CoreSymbolication
0x00007fff5e62b000 	/System/Library/PrivateFrameworks/Symbolication.framework/Versions/A/Symbolication
0x00007fff5d7bd000 	/System/Library/PrivateFrameworks/SpeechRecognitionCore.framework/Versions/A/SpeechRecognitionCore
0x0000000103400000 	/Library/Java/JavaVirtualMachines/jdk-10.0.1.jdk/Contents/Home/lib/server/libjvm.dylib
0x00007fff63a15000 	/usr/lib/libstdc++.6.dylib
0x0000000102a74000 	/Library/Java/JavaVirtualMachines/jdk-10.0.1.jdk/Contents/Home/lib/libverify.dylib
0x0000000102a81000 	/Library/Java/JavaVirtualMachines/jdk-10.0.1.jdk/Contents/Home/lib/libjava.dylib
0x0000000102ab8000 	/Library/Java/JavaVirtualMachines/jdk-10.0.1.jdk/Contents/Home/lib/libjdwp.dylib
0x0000000102af5000 	/Library/Java/JavaVirtualMachines/jdk-10.0.1.jdk/Contents/Home/lib/libinstrument.dylib
0x0000000102b8a000 	/Library/Java/JavaVirtualMachines/jdk-10.0.1.jdk/Contents/Home/lib/libzip.dylib
0x0000000102b92000 	/Library/Java/JavaVirtualMachines/jdk-10.0.1.jdk/Contents/Home/lib/libjimage.dylib
0x0000000102bf9000 	/Library/Java/JavaVirtualMachines/jdk-10.0.1.jdk/Contents/Home/lib/libdt_socket.dylib
0x00000001081cc000 	/Library/Java/JavaVirtualMachines/jdk-10.0.1.jdk/Contents/Home/lib/libnio.dylib
0x00000001081dc000 	/Library/Java/JavaVirtualMachines/jdk-10.0.1.jdk/Contents/Home/lib/./libnet.dylib


VM Arguments:
jvm_args: -agentlib:jdwp=transport=dt_socket,suspend=y,address=localhost:56171 -ea -javaagent:/Users/munachimsoogochukwu/eclipse/java-photon/Eclipse.app/Contents/Eclipse/configuration/org.eclipse.osgi/231/0/.cp/lib/javaagent-shaded.jar -Dfile.encoding=UTF-8 
java_command: org.eclipse.jdt.internal.junit.runner.RemoteTestRunner -version 3 -port 56170 -testLoaderClass org.eclipse.jdt.internal.junit4.runner.JUnit4TestLoader -loaderpluginname org.eclipse.jdt.junit4.runtime -classNames poker.StudentTests
java_class_path (initial): /Users/munachimsoogochukwu/eclipse-workspace/131Fall18Proj5:/Users/munachimsoogochukwu/eclipse-workspace/131Fall18Proj5/PokerGUI.jar:/Users/munachimsoogochukwu/.p2/pool/plugins/org.junit_4.12.0.v201504281640/junit.jar:/Users/munachimsoogochukwu/.p2/pool/plugins/org.hamcrest.core_1.3.0.v20180420-1519.jar:/Users/munachimsoogochukwu/eclipse/java-photon/Eclipse.app/Contents/Eclipse/configuration/org.eclipse.osgi/229/0/.cp:/Users/munachimsoogochukwu/eclipse/java-photon/Eclipse.app/Contents/Eclipse/configuration/org.eclipse.osgi/228/0/.cp
Launcher Type: SUN_STANDARD

Logging:
Log output configuration:
#0: stdout all=warning uptime,level,tags
#1: stderr all=off uptime,level,tags

Environment Variables:
PATH=/usr/bin:/bin:/usr/sbin:/sbin
SHELL=/bin/bash

Signal Handlers:
SIGSEGV: [libjvm.dylib+0x79ac14], sa_mask[0]=11111111011111110111111111111111, sa_flags=SA_ONSTACK|SA_RESTART|SA_SIGINFO
SIGBUS: [libjvm.dylib+0x79ac14], sa_mask[0]=11111111011111110111111111111111, sa_flags=SA_RESTART|SA_SIGINFO
SIGFPE: [libjvm.dylib+0x79ac14], sa_mask[0]=11111111011111110111111111111111, sa_flags=SA_RESTART|SA_SIGINFO
SIGPIPE: [libjvm.dylib+0x635960], sa_mask[0]=11111111011111110111111111111111, sa_flags=SA_RESTART|SA_SIGINFO
SIGXFSZ: [libjvm.dylib+0x635960], sa_mask[0]=11111111011111110111111111111111, sa_flags=SA_RESTART|SA_SIGINFO
SIGILL: [libjvm.dylib+0x79ac14], sa_mask[0]=11111111011111110111111111111111, sa_flags=SA_RESTART|SA_SIGINFO
SIGUSR2: [libjvm.dylib+0x6361f0], sa_mask[0]=00100000000000000000000000000000, sa_flags=SA_RESTART|SA_SIGINFO
SIGHUP: [libjvm.dylib+0x6349db], sa_mask[0]=11111111011111110111111111111111, sa_flags=SA_RESTART|SA_SIGINFO
SIGINT: [libjvm.dylib+0x6349db], sa_mask[0]=11111111011111110111111111111111, sa_flags=SA_RESTART|SA_SIGINFO
SIGTERM: [libjvm.dylib+0x6349db], sa_mask[0]=11111111011111110111111111111111, sa_flags=SA_RESTART|SA_SIGINFO
SIGQUIT: [libjvm.dylib+0x6349db], sa_mask[0]=11111111011111110111111111111111, sa_flags=SA_RESTART|SA_SIGINFO


---------------  S Y S T E M  ---------------

OS:uname:Darwin 18.0.0 Darwin Kernel Version 18.0.0: Wed Aug 22 20:13:40 PDT 2018; root:xnu-4903.201.2~1/RELEASE_X86_64 x86_64
rlimit: STACK 8192k, CORE 0k, NPROC 709, NOFILE 10240, AS infinity, DATA infinity, FSIZE infinity
load average:4.38 3.48 3.07

CPU:total 4 (initial active 4) (2 cores per cpu, 2 threads per core) family 6 model 142 stepping 9, cmov, cx8, fxsr, mmx, sse, sse2, sse3, ssse3, sse4.1, sse4.2, popcnt, avx, avx2, aes, clmul, erms, rtm, 3dnowpref, lzcnt, ht, tsc, tscinvbit, bmi1, bmi2, adx, fma

Memory: 4k page, physical 8388608k(84152k free)

vm_info: Java HotSpot(TM) 64-Bit Server VM (10.0.1+10) for bsd-amd64 JRE (10.0.1+10), built on Mar 27 2018 01:13:17 by "mach5one" with gcc 4.2.1 Compatible Apple LLVM 6.1.0 (clang-602.0.49)

END.
